<?xml version="1.0" encoding="UTF-8"?>
<!-- Generated by org.testng.reporters.JUnitReportReporter -->
<testsuite hostname="DESKTOP-2J9I5E8" failures="0" tests="2" name="com.example.testcases.NonPOMExample" time="5.281" errors="0" timestamp="2023-10-29T20:08:10 IST" skipped="0">
  <testcase classname="com.example.testcases.NonPOMExample" name="Login" time="0.559"/>
  <system-out/>
  <testcase classname="com.example.testcases.NonPOMExample" name="HomePage" time="4.722"/>
  <system-out/>
</testsuite> <!-- com.example.testcases.NonPOMExample -->
